{
  "0 debug pnpm:scope": {
    "selected": 6,
    "total": 6,
    "workspacePrefix": "/Users/dezremnacui/project/mine/big-react"
  },
  "1 debug pnpm:package-manifest": {
    "initial": {
      "name": "big-react",
      "version": "1.0.0",
      "description": "",
      "main": "index.js",
      "scripts": {
        "build:dev": "rm -rf dist && rollup --config scripts/rollup/dev.config.js",
        "demo": "vite serve demos/performance --config scripts/vite/vite.config.js --force",
        "lint": "eslint --ext .ts,.jsx,.tsx --fix --quiet ./packages",
        "test": "jest --config scripts/jest/jest.config.js"
      },
      "keywords": [],
      "author": "",
      "license": "ISC",
      "devDependencies": {
        "@babel/core": "^7.20.5",
        "@babel/plugin-transform-react-jsx": "^7.19.0",
        "@babel/preset-env": "^7.20.2",
        "@commitlint/cli": "^17.1.2",
        "@commitlint/config-conventional": "^17.1.0",
        "@rollup/plugin-alias": "^4.0.2",
        "@rollup/plugin-commonjs": "^23.0.0",
        "@types/react": "^18.0.24",
        "@types/react-dom": "^18.0.8",
        "@types/scheduler": "^0.16.2",
        "@typescript-eslint/eslint-plugin": "^5.40.0",
        "@typescript-eslint/parser": "^5.40.0",
        "@vitejs/plugin-react": "^2.2.0",
        "commitlint": "^17.1.2",
        "eslint": "^8.25.0",
        "eslint-config-prettier": "^8.5.0",
        "eslint-plugin,": "link:@typescript-eslint/eslint-plugin,",
        "eslint-plugin-prettier": "^4.2.1",
        "husky": "^8.0.1",
        "jest": "^29.3.1",
        "jest-config": "^29.3.1",
        "jest-environment-jsdom": "^29.3.1",
        "jest-react": "^0.14.0",
        "prettier": "^2.7.1",
        "rimraf": "^3.0.2",
        "rollup": "^3.1.0",
        "rollup-plugin-generate-package-json": "^3.2.0",
        "rollup-plugin-typescript2": "^0.34.1",
        "typescript": "^4.8.4",
        "vite": "^3.2.3"
      },
      "dependencies": {
        "@rollup/plugin-replace": "^5.0.1",
        "scheduler": "^0.23.0"
      }
    },
    "prefix": "/Users/dezremnacui/project/mine/big-react"
  },
  "2 debug pnpm:package-manifest": {
    "initial": {
      "name": "shared",
      "version": "1.0.0",
      "description": "所有公用辅助方法及类型定义",
      "keywords": [],
      "author": "",
      "license": "ISC"
    },
    "prefix": "/Users/dezremnacui/project/mine/big-react/packages/shared"
  },
  "3 debug pnpm:package-manifest": {
    "initial": {
      "name": "react",
      "version": "1.0.0",
      "description": "react公用方法",
      "module": "index.ts",
      "dependencies": {
        "shared": "workspace:*"
      },
      "keywords": [],
      "author": "",
      "license": "ISC"
    },
    "prefix": "/Users/dezremnacui/project/mine/big-react/packages/react"
  },
  "4 debug pnpm:package-manifest": {
    "initial": {
      "name": "react-reconciler",
      "version": "1.0.0",
      "description": "React协调器",
      "module": "index.ts",
      "dependencies": {
        "shared": "workspace: *"
      },
      "scripts": {
        "test": "echo \"Error: no test specified\" && exit 1"
      },
      "keywords": [],
      "author": "",
      "license": "ISC"
    },
    "prefix": "/Users/dezremnacui/project/mine/big-react/packages/react-reconciler"
  },
  "5 debug pnpm:package-manifest": {
    "initial": {
      "name": "react-dom",
      "version": "1.0.0",
      "description": "",
      "module": "index.ts",
      "dependencies": {
        "shared": "workspace:*",
        "react-reconciler": "workspace:*"
      },
      "peerDependencies": {
        "react": "workspace:*"
      },
      "keywords": [],
      "author": "",
      "license": "ISC"
    },
    "prefix": "/Users/dezremnacui/project/mine/big-react/packages/react-dom"
  },
  "6 debug pnpm:package-manifest": {
    "initial": {
      "name": "react-noop-renderer",
      "version": "1.0.0",
      "description": "",
      "module": "index.ts",
      "dependencies": {
        "shared": "workspace:*",
        "react-reconciler": "workspace:*"
      },
      "peerDependencies": {
        "react": "workspace:*"
      },
      "keywords": [],
      "author": "",
      "license": "ISC"
    },
    "prefix": "/Users/dezremnacui/project/mine/big-react/packages/react-noop-renderer"
  },
  "7 warn pnpm:lockfile": {
    "message": "Your pnpm-lock.yaml was generated by a newer version of pnpm. It is a compatible version but it might get downgraded to version 5.2",
    "prefix": "/Users/dezremnacui/project/mine/big-react"
  },
  "8 debug pnpm:context": {
    "currentLockfileExists": false,
    "storeDir": "/Users/dezremnacui/.pnpm-store/v3",
    "virtualStoreDir": "/Users/dezremnacui/project/mine/big-react/node_modules/.pnpm"
  },
  "9 debug pnpm:stage": {
    "prefix": "/Users/dezremnacui/project/mine/big-react",
    "stage": "resolution_started"
  },
  "10 debug pnpm:_dependency_resolved": {
    "resolution": "r.npm.sankuai.com/@babel/core/7.20.5",
    "wanted": {
      "dependentId": ".",
      "name": "@babel/core",
      "rawSpec": "^7.20.5"
    }
  },
  "11 debug pnpm:_dependency_resolved": {
    "resolution": "r.npm.sankuai.com/@babel/plugin-transform-react-jsx/7.19.0",
    "wanted": {
      "dependentId": ".",
      "name": "@babel/plugin-transform-react-jsx",
      "rawSpec": "^7.19.0"
    }
  },
  "12 debug pnpm:_dependency_resolved": {
    "resolution": "r.npm.sankuai.com/@babel/preset-env/7.20.2",
    "wanted": {
      "dependentId": ".",
      "name": "@babel/preset-env",
      "rawSpec": "^7.20.2"
    }
  },
  "13 debug pnpm:_dependency_resolved": {
    "resolution": "r.npm.sankuai.com/@commitlint/cli/17.1.2",
    "wanted": {
      "dependentId": ".",
      "name": "@commitlint/cli",
      "rawSpec": "^17.1.2"
    }
  },
  "14 debug pnpm:_dependency_resolved": {
    "resolution": "r.npm.sankuai.com/@commitlint/config-conventional/17.1.0",
    "wanted": {
      "dependentId": ".",
      "name": "@commitlint/config-conventional",
      "rawSpec": "^17.1.0"
    }
  },
  "15 debug pnpm:_dependency_resolved": {
    "resolution": "r.npm.sankuai.com/@rollup/plugin-alias/4.0.2",
    "wanted": {
      "dependentId": ".",
      "name": "@rollup/plugin-alias",
      "rawSpec": "^4.0.2"
    }
  },
  "16 debug pnpm:_dependency_resolved": {
    "resolution": "r.npm.sankuai.com/@rollup/plugin-commonjs/23.0.0",
    "wanted": {
      "dependentId": ".",
      "name": "@rollup/plugin-commonjs",
      "rawSpec": "^23.0.0"
    }
  },
  "17 debug pnpm:_dependency_resolved": {
    "resolution": "r.npm.sankuai.com/@types/react/18.0.25",
    "wanted": {
      "dependentId": ".",
      "name": "@types/react",
      "rawSpec": "^18.0.24"
    }
  },
  "18 debug pnpm:_dependency_resolved": {
    "resolution": "r.npm.sankuai.com/@types/react-dom/18.0.9",
    "wanted": {
      "dependentId": ".",
      "name": "@types/react-dom",
      "rawSpec": "^18.0.8"
    }
  },
  "19 debug pnpm:_dependency_resolved": {
    "resolution": "r.npm.sankuai.com/@types/scheduler/0.16.2",
    "wanted": {
      "dependentId": ".",
      "name": "@types/scheduler",
      "rawSpec": "^0.16.2"
    }
  },
  "20 debug pnpm:_dependency_resolved": {
    "resolution": "r.npm.sankuai.com/@typescript-eslint/eslint-plugin/5.40.0",
    "wanted": {
      "dependentId": ".",
      "name": "@typescript-eslint/eslint-plugin",
      "rawSpec": "^5.40.0"
    }
  },
  "21 debug pnpm:_dependency_resolved": {
    "resolution": "r.npm.sankuai.com/@typescript-eslint/parser/5.40.0",
    "wanted": {
      "dependentId": ".",
      "name": "@typescript-eslint/parser",
      "rawSpec": "^5.40.0"
    }
  },
  "22 debug pnpm:_dependency_resolved": {
    "resolution": "r.npm.sankuai.com/@vitejs/plugin-react/2.2.0",
    "wanted": {
      "dependentId": ".",
      "name": "@vitejs/plugin-react",
      "rawSpec": "^2.2.0"
    }
  },
  "23 debug pnpm:_dependency_resolved": {
    "resolution": "r.npm.sankuai.com/commitlint/17.1.2",
    "wanted": {
      "dependentId": ".",
      "name": "commitlint",
      "rawSpec": "^17.1.2"
    }
  },
  "24 debug pnpm:_dependency_resolved": {
    "resolution": "r.npm.sankuai.com/eslint/8.25.0",
    "wanted": {
      "dependentId": ".",
      "name": "eslint",
      "rawSpec": "^8.25.0"
    }
  },
  "25 debug pnpm:_dependency_resolved": {
    "resolution": "r.npm.sankuai.com/eslint-config-prettier/8.5.0",
    "wanted": {
      "dependentId": ".",
      "name": "eslint-config-prettier",
      "rawSpec": "^8.5.0"
    }
  },
  "26 debug pnpm:_dependency_resolved": {
    "resolution": "r.npm.sankuai.com/eslint-plugin-prettier/4.2.1",
    "wanted": {
      "dependentId": ".",
      "name": "eslint-plugin-prettier",
      "rawSpec": "^4.2.1"
    }
  },
  "27 debug pnpm:_dependency_resolved": {
    "resolution": "r.npm.sankuai.com/husky/8.0.1",
    "wanted": {
      "dependentId": ".",
      "name": "husky",
      "rawSpec": "^8.0.1"
    }
  },
  "28 debug pnpm:_dependency_resolved": {
    "resolution": "r.npm.sankuai.com/jest/29.3.1",
    "wanted": {
      "dependentId": ".",
      "name": "jest",
      "rawSpec": "^29.3.1"
    }
  },
  "29 debug pnpm:_dependency_resolved": {
    "resolution": "r.npm.sankuai.com/jest-config/29.3.1",
    "wanted": {
      "dependentId": ".",
      "name": "jest-config",
      "rawSpec": "^29.3.1"
    }
  },
  "30 debug pnpm:_dependency_resolved": {
    "resolution": "r.npm.sankuai.com/jest-environment-jsdom/29.3.1",
    "wanted": {
      "dependentId": ".",
      "name": "jest-environment-jsdom",
      "rawSpec": "^29.3.1"
    }
  },
  "31 debug pnpm:_dependency_resolved": {
    "resolution": "r.npm.sankuai.com/jest-react/0.14.0",
    "wanted": {
      "dependentId": ".",
      "name": "jest-react",
      "rawSpec": "^0.14.0"
    }
  },
  "32 debug pnpm:_dependency_resolved": {
    "resolution": "r.npm.sankuai.com/prettier/2.7.1",
    "wanted": {
      "dependentId": ".",
      "name": "prettier",
      "rawSpec": "^2.7.1"
    }
  },
  "33 debug pnpm:_dependency_resolved": {
    "resolution": "r.npm.sankuai.com/rimraf/3.0.2",
    "wanted": {
      "dependentId": ".",
      "name": "rimraf",
      "rawSpec": "^3.0.2"
    }
  },
  "34 debug pnpm:_dependency_resolved": {
    "resolution": "r.npm.sankuai.com/rollup/3.1.0",
    "wanted": {
      "dependentId": ".",
      "name": "rollup",
      "rawSpec": "^3.1.0"
    }
  },
  "35 debug pnpm:_dependency_resolved": {
    "resolution": "r.npm.sankuai.com/rollup-plugin-generate-package-json/3.2.0",
    "wanted": {
      "dependentId": ".",
      "name": "rollup-plugin-generate-package-json",
      "rawSpec": "^3.2.0"
    }
  },
  "36 debug pnpm:_dependency_resolved": {
    "resolution": "r.npm.sankuai.com/rollup-plugin-typescript2/0.34.1",
    "wanted": {
      "dependentId": ".",
      "name": "rollup-plugin-typescript2",
      "rawSpec": "^0.34.1"
    }
  },
  "37 debug pnpm:_dependency_resolved": {
    "resolution": "r.npm.sankuai.com/typescript/4.8.4",
    "wanted": {
      "dependentId": ".",
      "name": "typescript",
      "rawSpec": "^4.8.4"
    }
  },
  "38 debug pnpm:_dependency_resolved": {
    "resolution": "r.npm.sankuai.com/vite/3.2.4",
    "wanted": {
      "dependentId": ".",
      "name": "vite",
      "rawSpec": "^3.2.3"
    }
  },
  "39 debug pnpm:_dependency_resolved": {
    "resolution": "r.npm.sankuai.com/@rollup/plugin-replace/5.0.1",
    "wanted": {
      "dependentId": ".",
      "name": "@rollup/plugin-replace",
      "rawSpec": "^5.0.1"
    }
  },
  "40 debug pnpm:_dependency_resolved": {
    "resolution": "r.npm.sankuai.com/scheduler/0.23.0",
    "wanted": {
      "dependentId": ".",
      "name": "scheduler",
      "rawSpec": "^0.23.0"
    }
  },
  "41 debug pnpm:_dependency_resolved": {
    "resolution": "link:../shared",
    "wanted": {
      "dependentId": "packages/react",
      "name": "shared",
      "rawSpec": "workspace:*"
    }
  },
  "42 debug pnpm:_dependency_resolved": {
    "resolution": "link:../shared",
    "wanted": {
      "dependentId": "packages/react-reconciler",
      "name": "shared",
      "rawSpec": "workspace: *"
    }
  },
  "43 debug pnpm:_dependency_resolved": {
    "resolution": "link:../shared",
    "wanted": {
      "dependentId": "packages/react-dom",
      "name": "shared",
      "rawSpec": "workspace:*"
    }
  },
  "44 debug pnpm:_dependency_resolved": {
    "resolution": "link:../react-reconciler",
    "wanted": {
      "dependentId": "packages/react-dom",
      "name": "react-reconciler",
      "rawSpec": "workspace:*"
    }
  },
  "45 debug pnpm:_dependency_resolved": {
    "resolution": "link:../shared",
    "wanted": {
      "dependentId": "packages/react-noop-renderer",
      "name": "shared",
      "rawSpec": "workspace:*"
    }
  },
  "46 debug pnpm:_dependency_resolved": {
    "resolution": "link:../react-reconciler",
    "wanted": {
      "dependentId": "packages/react-noop-renderer",
      "name": "react-reconciler",
      "rawSpec": "workspace:*"
    }
  },
  "47 error pnpm": {
    "message": {
      "code": "ERR_PNPM_NO_IMPORTER_MANIFEST_FOUND",
      "pkgsStack": []
    },
    "err": {
      "name": "Error",
      "message": "No package.json (or package.yaml, or package.json5) was found in \"/Users/dezremnacui/project/mine/big-react/@typescript-eslint/eslint-plugin,\".",
      "code": "ERR_PNPM_NO_IMPORTER_MANIFEST_FOUND",
      "stack": "Error: No package.json (or package.yaml, or package.json5) was found in \"/Users/dezremnacui/project/mine/big-react/@typescript-eslint/eslint-plugin,\".\n    at readProjectManifest (/usr/local/lib/node_modules/pnpm/dist/pnpm.js:43174:11)\n    at async Object.readProjectManifestOnly (/usr/local/lib/node_modules/pnpm/dist/pnpm.js:43178:24)\n    at async Object.resolveLocal [as default] (/usr/local/lib/node_modules/pnpm/dist/pnpm.js:72178:33)\n    at async Object.resolve (/usr/local/lib/node_modules/pnpm/dist/pnpm.js:73098:307)\n    at async run (/usr/local/lib/node_modules/pnpm/dist/pnpm.js:83441:21)"
    }
  }
}